15:20:31| Starting to retrieve data from the server
15:20:34| -------------------------------------------------------
15:20:34| Title   : Revenge of the Sith
15:20:34| Director: George Lucas
15:20:34| Producer: Rick McCallum
15:20:34| Released: 2005-05-19
15:20:34|  
15:20:34| Characters: 34
15:20:34| 
15:20:34|  
15:20:34| Planets: 13
15:20:34| 
15:20:34|  
15:20:34| Starships: 12
15:20:34| 
15:20:34|  
15:20:34| Vehicles: 13
15:20:34| 
15:20:34|  
15:20:34| Species: 20
15:20:34| 
15:20:34|  
15:20:34| Total Time To complete = 3.09809600
15:20:34| There were 94 calls to the server
