15:17:52| Starting to retrieve data from the server
15:17:55| -------------------------------------------------------
15:17:55| Title   : Revenge of the Sith
15:17:55| Director: George Lucas
15:17:55| Producer: Rick McCallum
15:17:55| Released: 2005-05-19
15:17:55|  
15:17:55| Characters: 34
15:17:55| 
15:17:55|  
15:17:55| Planets: 13
15:17:55| 
15:17:55|  
15:17:55| Starships: 12
15:17:55| 
15:17:55|  
15:17:55| Vehicles: 13
15:17:55| 
15:17:55|  
15:17:55| Species: 20
15:17:55| 
15:17:55|  
15:17:55| Total Time To complete = 3.07823220
15:17:55| There were 94 calls to the server
