15:24:06| Starting to retrieve data from the server
15:24:10| -------------------------------------------------------
15:24:10| Title   : Revenge of the Sith
15:24:10| Director: George Lucas
15:24:10| Producer: Rick McCallum
15:24:10| Released: 2005-05-19
15:24:10|  
15:24:10| Characters: 34
15:24:10| Adi Gallia, Anakin Skywalker, Ayla Secura, Bail Prestor Organa, Beru Whitesun lars, C-3PO, Chewbacca, Darth Vader, Dooku, Eeth Koth, Grievous, Ki-Adi-Mundi, Kit Fisto, Leia Organa, Luke Skywalker, Luminara Unduli, Mace Windu, Nute Gunray, Obi-Wan Kenobi, Owen Lars, Padmé Amidala, Palpatine, Plo Koon, Poggle the Lesser, R2-D2, R4-P17, Raymus Antilles, Saesee Tiin, Shaak Ti, Sly Moore, Tarfful, Tion Medon, Wilhuff Tarkin, Yoda
15:24:10|  
15:24:10| Planets: 13
15:24:10| 
15:24:10|  
15:24:10| Starships: 12
15:24:10| 
15:24:10|  
15:24:10| Vehicles: 13
15:24:10| 
15:24:10|  
15:24:10| Species: 20
15:24:10| 
15:24:10|  
15:24:10| Total Time To complete = 3.07959260
15:24:10| There were 94 calls to the server
